{"D:\\Documentos\\Coding Dojo\\02 MERN STACK\\EXPRESS\\first-server\\server\\server.js": {"path":"D:\\Documentos\\Coding Dojo\\02 MERN STACK\\EXPRESS\\first-server\\server\\server.js","statementMap":{"0":{"start":{"line":8,"column":0},"end":{"line":8,"column":9}},"1":{"start":{"line":12,"column":12},"end":{"line":12,"column":21}},"2":{"start":{"line":16,"column":0},"end":{"line":16,"column":18}},"3":{"start":{"line":17,"column":0},"end":{"line":17,"column":24}},"4":{"start":{"line":18,"column":0},"end":{"line":18,"column":24}},"5":{"start":{"line":19,"column":0},"end":{"line":19,"column":16}},"6":{"start":{"line":23,"column":13},"end":{"line":23,"column":37}},"7":{"start":{"line":24,"column":15},"end":{"line":24,"column":148}},"8":{"start":{"line":25,"column":0},"end":{"line":25,"column":13}},"9":{"start":{"line":27,"column":17},"end":{"line":27,"column":47}},"10":{"start":{"line":30,"column":0},"end":{"line":30,"column":22}},"11":{"start":{"line":41,"column":15},"end":{"line":43,"column":2}},"12":{"start":{"line":42,"column":2},"end":{"line":42,"column":63}}},"fnMap":{"0":{"name":"(anonymous_0)","decl":{"start":{"line":41,"column":32},"end":{"line":41,"column":33}},"loc":{"start":{"line":41,"column":38},"end":{"line":43,"column":1}},"line":41}},"branchMap":{"0":{"loc":{"start":{"line":23,"column":13},"end":{"line":23,"column":37}},"type":"binary-expr","locations":[{"start":{"line":23,"column":13},"end":{"line":23,"column":29}},{"start":{"line":23,"column":33},"end":{"line":23,"column":37}}],"line":23},"1":{"loc":{"start":{"line":27,"column":17},"end":{"line":27,"column":47}},"type":"binary-expr","locations":[{"start":{"line":27,"column":17},"end":{"line":27,"column":37}},{"start":{"line":27,"column":41},"end":{"line":27,"column":47}}],"line":27}},"s":{"0":1,"1":1,"2":1,"3":1,"4":1,"5":1,"6":1,"7":1,"8":1,"9":1,"10":1,"11":1,"12":1},"f":{"0":1},"b":{"0":[1,0],"1":[1,0]},"_coverageSchema":"1a1c01bbd47fc00a2c39e90264f33305004495a9","hash":"ce22cea05fbc797d2ba281dde03733624cb6be4b"}
,"D:\\Documentos\\Coding Dojo\\02 MERN STACK\\EXPRESS\\first-server\\server\\src\\config\\config.mongo.js": {"path":"D:\\Documentos\\Coding Dojo\\02 MERN STACK\\EXPRESS\\first-server\\server\\src\\config\\config.mongo.js","statementMap":{"0":{"start":{"line":4,"column":0},"end":{"line":4,"column":16}},"1":{"start":{"line":6,"column":20},"end":{"line":6,"column":43}},"2":{"start":{"line":7,"column":19},"end":{"line":7,"column":41}},"3":{"start":{"line":10,"column":4},"end":{"line":16,"column":5}},"4":{"start":{"line":11,"column":8},"end":{"line":11,"column":65}},"5":{"start":{"line":12,"column":8},"end":{"line":12,"column":49}},"6":{"start":{"line":14,"column":8},"end":{"line":14,"column":58}},"7":{"start":{"line":15,"column":8},"end":{"line":15,"column":21}}},"fnMap":{"0":{"name":"conectarDB","decl":{"start":{"line":9,"column":15},"end":{"line":9,"column":25}},"loc":{"start":{"line":9,"column":28},"end":{"line":18,"column":1}},"line":9}},"branchMap":{},"s":{"0":1,"1":1,"2":1,"3":1,"4":1,"5":1,"6":0,"7":0},"f":{"0":1},"b":{},"_coverageSchema":"1a1c01bbd47fc00a2c39e90264f33305004495a9","hash":"2bff7418be0241a8c346fed7b522915860381923"}
,"D:\\Documentos\\Coding Dojo\\02 MERN STACK\\EXPRESS\\first-server\\server\\src\\config\\middlewares\\middlewares.js": {"path":"D:\\Documentos\\Coding Dojo\\02 MERN STACK\\EXPRESS\\first-server\\server\\src\\config\\middlewares\\middlewares.js","statementMap":{"0":{"start":{"line":8,"column":24},"end":{"line":27,"column":1}},"1":{"start":{"line":9,"column":4},"end":{"line":9,"column":26}},"2":{"start":{"line":10,"column":16},"end":{"line":10,"column":18}},"3":{"start":{"line":12,"column":4},"end":{"line":13,"column":38}},"4":{"start":{"line":13,"column":8},"end":{"line":13,"column":38}},"5":{"start":{"line":15,"column":4},"end":{"line":16,"column":36}},"6":{"start":{"line":16,"column":8},"end":{"line":16,"column":36}},"7":{"start":{"line":18,"column":4},"end":{"line":19,"column":36}},"8":{"start":{"line":19,"column":8},"end":{"line":19,"column":36}},"9":{"start":{"line":21,"column":4},"end":{"line":22,"column":37}},"10":{"start":{"line":22,"column":8},"end":{"line":22,"column":37}},"11":{"start":{"line":24,"column":4},"end":{"line":24,"column":63}},"12":{"start":{"line":24,"column":26},"end":{"line":24,"column":63}},"13":{"start":{"line":26,"column":4},"end":{"line":26,"column":11}}},"fnMap":{"0":{"name":"(anonymous_0)","decl":{"start":{"line":8,"column":24},"end":{"line":8,"column":25}},"loc":{"start":{"line":8,"column":44},"end":{"line":27,"column":1}},"line":8}},"branchMap":{"0":{"loc":{"start":{"line":12,"column":4},"end":{"line":13,"column":38}},"type":"if","locations":[{"start":{"line":12,"column":4},"end":{"line":13,"column":38}},{"start":{},"end":{}}],"line":12},"1":{"loc":{"start":{"line":15,"column":4},"end":{"line":16,"column":36}},"type":"if","locations":[{"start":{"line":15,"column":4},"end":{"line":16,"column":36}},{"start":{},"end":{}}],"line":15},"2":{"loc":{"start":{"line":18,"column":4},"end":{"line":19,"column":36}},"type":"if","locations":[{"start":{"line":18,"column":4},"end":{"line":19,"column":36}},{"start":{},"end":{}}],"line":18},"3":{"loc":{"start":{"line":21,"column":4},"end":{"line":22,"column":37}},"type":"if","locations":[{"start":{"line":21,"column":4},"end":{"line":22,"column":37}},{"start":{},"end":{}}],"line":21},"4":{"loc":{"start":{"line":24,"column":4},"end":{"line":24,"column":63}},"type":"if","locations":[{"start":{"line":24,"column":4},"end":{"line":24,"column":63}},{"start":{},"end":{}}],"line":24}},"s":{"0":1,"1":4,"2":4,"3":4,"4":1,"5":4,"6":1,"7":4,"8":1,"9":4,"10":1,"11":4,"12":1,"13":3},"f":{"0":4},"b":{"0":[1,3],"1":[1,3],"2":[1,3],"3":[1,3],"4":[1,3]},"_coverageSchema":"1a1c01bbd47fc00a2c39e90264f33305004495a9","hash":"2b6072a1d4f49471d1447f909d9435febb9e84f6"}
,"D:\\Documentos\\Coding Dojo\\02 MERN STACK\\EXPRESS\\first-server\\server\\src\\controllers\\personas.controller.js": {"path":"D:\\Documentos\\Coding Dojo\\02 MERN STACK\\EXPRESS\\first-server\\server\\src\\controllers\\personas.controller.js","statementMap":{"0":{"start":{"line":3,"column":15},"end":{"line":9,"column":1}},"1":{"start":{"line":11,"column":17},"end":{"line":11,"column":47}},"2":{"start":{"line":15,"column":22},"end":{"line":27,"column":3}},"3":{"start":{"line":16,"column":18},"end":{"line":16,"column":27}},"4":{"start":{"line":17,"column":4},"end":{"line":17,"column":23}},"5":{"start":{"line":18,"column":4},"end":{"line":26,"column":5}},"6":{"start":{"line":19,"column":25},"end":{"line":19,"column":45}},"7":{"start":{"line":20,"column":6},"end":{"line":20,"column":46}},"8":{"start":{"line":22,"column":6},"end":{"line":25,"column":9}},"9":{"start":{"line":39,"column":21},"end":{"line":52,"column":1}},"10":{"start":{"line":41,"column":2},"end":{"line":51,"column":3}},"11":{"start":{"line":42,"column":23},"end":{"line":42,"column":67}},"12":{"start":{"line":43,"column":4},"end":{"line":43,"column":44}},"13":{"start":{"line":46,"column":6},"end":{"line":46,"column":25}},"14":{"start":{"line":47,"column":4},"end":{"line":50,"column":6}},"15":{"start":{"line":74,"column":21},"end":{"line":104,"column":1}},"16":{"start":{"line":75,"column":40},"end":{"line":75,"column":48}},"17":{"start":{"line":77,"column":2},"end":{"line":103,"column":3}},"18":{"start":{"line":79,"column":21},"end":{"line":84,"column":6}},"19":{"start":{"line":86,"column":4},"end":{"line":92,"column":5}},"20":{"start":{"line":87,"column":29},"end":{"line":87,"column":31}},"21":{"start":{"line":88,"column":6},"end":{"line":88,"column":97}},"22":{"start":{"line":88,"column":38},"end":{"line":88,"column":97}},"23":{"start":{"line":89,"column":6},"end":{"line":89,"column":94}},"24":{"start":{"line":89,"column":36},"end":{"line":89,"column":94}},"25":{"start":{"line":91,"column":6},"end":{"line":91,"column":61}},"26":{"start":{"line":95,"column":25},"end":{"line":95,"column":55}},"27":{"start":{"line":96,"column":4},"end":{"line":96,"column":85}},"28":{"start":{"line":99,"column":4},"end":{"line":102,"column":7}},"29":{"start":{"line":126,"column":20},"end":{"line":145,"column":1}},"30":{"start":{"line":127,"column":13},"end":{"line":127,"column":26}},"31":{"start":{"line":128,"column":17},"end":{"line":128,"column":25}},"32":{"start":{"line":130,"column":2},"end":{"line":144,"column":3}},"33":{"start":{"line":131,"column":31},"end":{"line":131,"column":89}},"34":{"start":{"line":133,"column":4},"end":{"line":135,"column":5}},"35":{"start":{"line":134,"column":6},"end":{"line":134,"column":69}},"36":{"start":{"line":137,"column":4},"end":{"line":137,"column":96}},"37":{"start":{"line":140,"column":4},"end":{"line":143,"column":7}},"38":{"start":{"line":170,"column":22},"end":{"line":188,"column":1}},"39":{"start":{"line":171,"column":2},"end":{"line":187,"column":3}},"40":{"start":{"line":172,"column":15},"end":{"line":172,"column":28}},"41":{"start":{"line":173,"column":19},"end":{"line":173,"column":54}},"42":{"start":{"line":174,"column":4},"end":{"line":176,"column":5}},"43":{"start":{"line":175,"column":6},"end":{"line":175,"column":69}},"44":{"start":{"line":178,"column":4},"end":{"line":181,"column":7}},"45":{"start":{"line":183,"column":4},"end":{"line":186,"column":7}},"46":{"start":{"line":229,"column":25},"end":{"line":241,"column":1}},"47":{"start":{"line":230,"column":2},"end":{"line":240,"column":3}},"48":{"start":{"line":231,"column":4},"end":{"line":231,"column":33}},"49":{"start":{"line":232,"column":4},"end":{"line":234,"column":7}},"50":{"start":{"line":236,"column":4},"end":{"line":239,"column":7}}},"fnMap":{"0":{"name":"(anonymous_0)","decl":{"start":{"line":15,"column":22},"end":{"line":15,"column":23}},"loc":{"start":{"line":15,"column":42},"end":{"line":27,"column":3}},"line":15},"1":{"name":"(anonymous_1)","decl":{"start":{"line":39,"column":21},"end":{"line":39,"column":22}},"loc":{"start":{"line":39,"column":41},"end":{"line":52,"column":1}},"line":39},"2":{"name":"(anonymous_2)","decl":{"start":{"line":74,"column":21},"end":{"line":74,"column":22}},"loc":{"start":{"line":74,"column":41},"end":{"line":104,"column":1}},"line":74},"3":{"name":"(anonymous_3)","decl":{"start":{"line":126,"column":20},"end":{"line":126,"column":21}},"loc":{"start":{"line":126,"column":40},"end":{"line":145,"column":1}},"line":126},"4":{"name":"(anonymous_4)","decl":{"start":{"line":170,"column":22},"end":{"line":170,"column":23}},"loc":{"start":{"line":170,"column":42},"end":{"line":188,"column":1}},"line":170},"5":{"name":"(anonymous_5)","decl":{"start":{"line":229,"column":25},"end":{"line":229,"column":26}},"loc":{"start":{"line":229,"column":45},"end":{"line":241,"column":1}},"line":229}},"branchMap":{"0":{"loc":{"start":{"line":11,"column":17},"end":{"line":11,"column":47}},"type":"binary-expr","locations":[{"start":{"line":11,"column":17},"end":{"line":11,"column":37}},{"start":{"line":11,"column":41},"end":{"line":11,"column":47}}],"line":11},"1":{"loc":{"start":{"line":86,"column":4},"end":{"line":92,"column":5}},"type":"if","locations":[{"start":{"line":86,"column":4},"end":{"line":92,"column":5}},{"start":{},"end":{}}],"line":86},"2":{"loc":{"start":{"line":88,"column":6},"end":{"line":88,"column":97}},"type":"if","locations":[{"start":{"line":88,"column":6},"end":{"line":88,"column":97}},{"start":{},"end":{}}],"line":88},"3":{"loc":{"start":{"line":89,"column":6},"end":{"line":89,"column":94}},"type":"if","locations":[{"start":{"line":89,"column":6},"end":{"line":89,"column":94}},{"start":{},"end":{}}],"line":89},"4":{"loc":{"start":{"line":133,"column":4},"end":{"line":135,"column":5}},"type":"if","locations":[{"start":{"line":133,"column":4},"end":{"line":135,"column":5}},{"start":{},"end":{}}],"line":133},"5":{"loc":{"start":{"line":174,"column":4},"end":{"line":176,"column":5}},"type":"if","locations":[{"start":{"line":174,"column":4},"end":{"line":176,"column":5}},{"start":{},"end":{}}],"line":174}},"s":{"0":1,"1":1,"2":1,"3":0,"4":0,"5":0,"6":0,"7":0,"8":0,"9":1,"10":1,"11":1,"12":0,"13":1,"14":1,"15":1,"16":2,"17":2,"18":2,"19":2,"20":2,"21":2,"22":2,"23":2,"24":2,"25":2,"26":0,"27":0,"28":0,"29":1,"30":1,"31":1,"32":1,"33":1,"34":0,"35":0,"36":0,"37":1,"38":1,"39":1,"40":1,"41":1,"42":0,"43":0,"44":0,"45":1,"46":1,"47":0,"48":0,"49":0,"50":0},"f":{"0":0,"1":1,"2":2,"3":1,"4":1,"5":0},"b":{"0":[1,1],"1":[2,0],"2":[2,0],"3":[2,0],"4":[0,0],"5":[0,0]},"_coverageSchema":"1a1c01bbd47fc00a2c39e90264f33305004495a9","hash":"8c1301283f675f2bf9dede0a8515f93ebd87a3aa"}
,"D:\\Documentos\\Coding Dojo\\02 MERN STACK\\EXPRESS\\first-server\\server\\src\\model\\model.persona.js": {"path":"D:\\Documentos\\Coding Dojo\\02 MERN STACK\\EXPRESS\\first-server\\server\\src\\model\\model.persona.js","statementMap":{"0":{"start":{"line":3,"column":22},"end":{"line":16,"column":2}},"1":{"start":{"line":18,"column":16},"end":{"line":18,"column":47}}},"fnMap":{},"branchMap":{},"s":{"0":1,"1":1},"f":{},"b":{},"_coverageSchema":"1a1c01bbd47fc00a2c39e90264f33305004495a9","hash":"29638c345afc5465d1f53bed66254350c7bb938c"}
,"D:\\Documentos\\Coding Dojo\\02 MERN STACK\\EXPRESS\\first-server\\server\\src\\routes\\personas.routes.js": {"path":"D:\\Documentos\\Coding Dojo\\02 MERN STACK\\EXPRESS\\first-server\\server\\src\\routes\\personas.routes.js","statementMap":{"0":{"start":{"line":4,"column":15},"end":{"line":4,"column":23}},"1":{"start":{"line":8,"column":0},"end":{"line":8,"column":37}},"2":{"start":{"line":9,"column":0},"end":{"line":9,"column":60}},"3":{"start":{"line":10,"column":0},"end":{"line":10,"column":55}},"4":{"start":{"line":12,"column":0},"end":{"line":12,"column":42}},"5":{"start":{"line":13,"column":0},"end":{"line":13,"column":58}},"6":{"start":{"line":14,"column":0},"end":{"line":14,"column":46}}},"fnMap":{},"branchMap":{},"s":{"0":1,"1":1,"2":1,"3":1,"4":1,"5":1,"6":1},"f":{},"b":{},"_coverageSchema":"1a1c01bbd47fc00a2c39e90264f33305004495a9","hash":"60cb37e23ecb45b298b408431524c42bc7a5cdd1"}
}
