TN:
SF:server.js
FN:41,(anonymous_0)
FNF:1
FNH:1
FNDA:1,(anonymous_0)
DA:8,1
DA:12,1
DA:16,1
DA:17,1
DA:18,1
DA:19,1
DA:23,1
DA:24,1
DA:25,1
DA:27,1
DA:30,1
DA:41,1
DA:42,1
LF:13
LH:13
BRDA:23,0,0,1
BRDA:23,0,1,0
BRDA:27,1,0,1
BRDA:27,1,1,0
BRF:4
BRH:2
end_of_record
TN:
SF:src\config\config.mongo.js
FN:9,conectarDB
FNF:1
FNH:1
FNDA:1,conectarDB
DA:4,1
DA:6,1
DA:7,1
DA:10,1
DA:11,1
DA:12,1
DA:14,0
DA:15,0
LF:8
LH:6
BRF:0
BRH:0
end_of_record
TN:
SF:src\config\middlewares\middlewares.js
FN:8,(anonymous_0)
FNF:1
FNH:1
FNDA:4,(anonymous_0)
DA:8,1
DA:9,4
DA:10,4
DA:12,4
DA:13,1
DA:15,4
DA:16,1
DA:18,4
DA:19,1
DA:21,4
DA:22,1
DA:24,4
DA:26,3
LF:13
LH:13
BRDA:12,0,0,1
BRDA:12,0,1,3
BRDA:15,1,0,1
BRDA:15,1,1,3
BRDA:18,2,0,1
BRDA:18,2,1,3
BRDA:21,3,0,1
BRDA:21,3,1,3
BRDA:24,4,0,1
BRDA:24,4,1,3
BRF:10
BRH:10
end_of_record
TN:
SF:src\controllers\personas.controller.js
FN:15,(anonymous_0)
FN:39,(anonymous_1)
FN:74,(anonymous_2)
FN:126,(anonymous_3)
FN:170,(anonymous_4)
FN:229,(anonymous_5)
FNF:6
FNH:4
FNDA:0,(anonymous_0)
FNDA:1,(anonymous_1)
FNDA:2,(anonymous_2)
FNDA:1,(anonymous_3)
FNDA:1,(anonymous_4)
FNDA:0,(anonymous_5)
DA:3,1
DA:11,1
DA:15,1
DA:16,0
DA:17,0
DA:18,0
DA:19,0
DA:20,0
DA:22,0
DA:39,1
DA:41,1
DA:42,1
DA:43,0
DA:46,1
DA:47,1
DA:74,1
DA:75,2
DA:77,2
DA:79,2
DA:86,2
DA:87,2
DA:88,2
DA:89,2
DA:91,2
DA:95,0
DA:96,0
DA:99,0
DA:126,1
DA:127,1
DA:128,1
DA:130,1
DA:131,1
DA:133,0
DA:134,0
DA:137,0
DA:140,1
DA:170,1
DA:171,1
DA:172,1
DA:173,1
DA:174,0
DA:175,0
DA:178,0
DA:183,1
DA:229,1
DA:230,0
DA:231,0
DA:232,0
DA:236,0
LF:49
LH:29
BRDA:11,0,0,1
BRDA:11,0,1,1
BRDA:86,1,0,2
BRDA:86,1,1,0
BRDA:88,2,0,2
BRDA:88,2,1,0
BRDA:89,3,0,2
BRDA:89,3,1,0
BRDA:133,4,0,0
BRDA:133,4,1,0
BRDA:174,5,0,0
BRDA:174,5,1,0
BRF:12
BRH:5
end_of_record
TN:
SF:src\model\model.persona.js
FNF:0
FNH:0
DA:3,1
DA:18,1
LF:2
LH:2
BRF:0
BRH:0
end_of_record
TN:
SF:src\routes\personas.routes.js
FNF:0
FNH:0
DA:4,1
DA:8,1
DA:9,1
DA:10,1
DA:12,1
DA:13,1
DA:14,1
LF:7
LH:7
BRF:0
BRH:0
end_of_record
